app/build/intermediates/manifest_merge_blame_file/debug/manifest-merger-blame-debug-report.txt
1<?xml version="1.0" encoding="utf-8"?>
2<manifest xmlns:android="http://schemas.android.com/apk/res/android"
3    package="com.v4android.usserapp"
4    android:versionCode="1"
5    android:versionName="1.0" >
6
7    <uses-sdk
8        android:minSdkVersion="26"
8-->src\main\AndroidManifest.xml
9        android:targetSdkVersion="34" />
9-->src\main\AndroidManifest.xml
10
11    <uses-feature
11-->src\main\AndroidManifest.xml:5:5-7:36
12        android:name="android.hardware.camera"
12-->src\main\AndroidManifest.xml:6:9-47
13        android:required="false" />
13-->src\main\AndroidManifest.xml:7:9-33
14
15    <uses-permission android:name="android.permission.INTERNET" />
15-->src\main\AndroidManifest.xml:9:5-67
15-->src\main\AndroidManifest.xml:9:22-64
16    <uses-permission android:name="android.permission.ACCESS_NETWORK_STATE" />
16-->src\main\AndroidManifest.xml:10:5-79
16-->src\main\AndroidManifest.xml:10:22-76
17    <uses-permission android:name="android.permission.ACCESS_WIFI_STATE" />
17-->src\main\AndroidManifest.xml:11:5-76
17-->src\main\AndroidManifest.xml:11:22-73
18    <uses-permission android:name="android.permission.READ_EXTERNAL_STORAGE" />
18-->src\main\AndroidManifest.xml:12:5-80
18-->src\main\AndroidManifest.xml:12:22-77
19    <uses-permission android:name="android.permission.WRITE_EXTERNAL_STORAGE" />
19-->src\main\AndroidManifest.xml:13:5-81
19-->src\main\AndroidManifest.xml:13:22-78
20    <uses-permission android:name="android.permission.CAMERA" />
20-->src\main\AndroidManifest.xml:14:5-65
20-->src\main\AndroidManifest.xml:14:22-62
21    <uses-permission android:name="android.permission.USE_BIOMETRIC" />
21-->src\main\AndroidManifest.xml:15:5-72
21-->src\main\AndroidManifest.xml:15:22-69
22    <uses-permission android:name="android.permission.USE_FINGERPRINT" />
22-->src\main\AndroidManifest.xml:16:5-74
22-->src\main\AndroidManifest.xml:16:22-71
23    <uses-permission android:name="android.permission.POST_NOTIFICATIONS" />
23-->src\main\AndroidManifest.xml:17:5-77
23-->src\main\AndroidManifest.xml:17:22-74
24    <uses-permission android:name="android.permission.WAKE_LOCK" />
24-->src\main\AndroidManifest.xml:18:5-68
24-->src\main\AndroidManifest.xml:18:22-65
25    <uses-permission android:name="com.google.android.c2dm.permission.RECEIVE" />
25-->src\main\AndroidManifest.xml:19:5-82
25-->src\main\AndroidManifest.xml:19:22-79
26    <uses-permission android:name="com.google.android.finsky.permission.BIND_GET_INSTALL_REFERRER_SERVICE" />
26-->src\main\AndroidManifest.xml:20:5-110
26-->src\main\AndroidManifest.xml:20:22-107
27    <uses-permission android:name="com.google.android.gms.permission.AD_ID" /> <!-- Create a unique permission for your app and use it so only your app can receive your OneSignal messages. -->
27-->[com.google.android.gms:play-services-measurement-api:21.2.0] AndroidManifest.xml:25:5-79
27-->[com.google.android.gms:play-services-measurement-api:21.2.0] AndroidManifest.xml:25:22-76
28    <permission
28-->[com.onesignal:OneSignal:3.10.6] AndroidManifest.xml:8:5-10:47
29        android:name="com.v4android.usserapp.permission.C2D_MESSAGE"
29-->[com.onesignal:OneSignal:3.10.6] AndroidManifest.xml:9:9-63
30        android:protectionLevel="signature" />
30-->[com.onesignal:OneSignal:3.10.6] AndroidManifest.xml:10:9-44
31
32    <uses-permission android:name="com.v4android.usserapp.permission.C2D_MESSAGE" />
32-->[com.onesignal:OneSignal:3.10.6] AndroidManifest.xml:12:5-79
32-->[com.onesignal:OneSignal:3.10.6] AndroidManifest.xml:12:22-76
33    <!--
34 Required so the device vibrates on receiving a push notification.
35         Vibration settings of the device still apply.
36    -->
37    <uses-permission android:name="android.permission.VIBRATE" />
37-->[com.onesignal:OneSignal:3.10.6] AndroidManifest.xml:24:5-66
37-->[com.onesignal:OneSignal:3.10.6] AndroidManifest.xml:24:22-63
38    <!--
39 Use to restore notifications the user hasn't interacted with.
40         They could be missed notifications if the user reboots their device if this isn't in place.
41    -->
42    <uses-permission android:name="android.permission.RECEIVE_BOOT_COMPLETED" /> <!-- START: ShortcutBadger -->
42-->[com.onesignal:OneSignal:3.10.6] AndroidManifest.xml:30:5-81
42-->[com.onesignal:OneSignal:3.10.6] AndroidManifest.xml:30:22-78
43    <!-- Samsung -->
44    <uses-permission android:name="com.sec.android.provider.badge.permission.READ" />
44-->[com.onesignal:OneSignal:3.10.6] AndroidManifest.xml:32:5-86
44-->[com.onesignal:OneSignal:3.10.6] AndroidManifest.xml:32:22-83
45    <uses-permission android:name="com.sec.android.provider.badge.permission.WRITE" /> <!-- HTC -->
45-->[com.onesignal:OneSignal:3.10.6] AndroidManifest.xml:33:5-87
45-->[com.onesignal:OneSignal:3.10.6] AndroidManifest.xml:33:22-84
46    <uses-permission android:name="com.htc.launcher.permission.READ_SETTINGS" />
46-->[com.onesignal:OneSignal:3.10.6] AndroidManifest.xml:34:5-81
46-->[com.onesignal:OneSignal:3.10.6] AndroidManifest.xml:34:22-78
47    <uses-permission android:name="com.htc.launcher.permission.UPDATE_SHORTCUT" /> <!-- Sony -->
47-->[com.onesignal:OneSignal:3.10.6] AndroidManifest.xml:35:5-83
47-->[com.onesignal:OneSignal:3.10.6] AndroidManifest.xml:35:22-80
48    <uses-permission android:name="com.sonyericsson.home.permission.BROADCAST_BADGE" />
48-->[com.onesignal:OneSignal:3.10.6] AndroidManifest.xml:36:5-88
48-->[com.onesignal:OneSignal:3.10.6] AndroidManifest.xml:36:22-85
49    <uses-permission android:name="com.sonymobile.home.permission.PROVIDER_INSERT_BADGE" /> <!-- Apex -->
49-->[com.onesignal:OneSignal:3.10.6] AndroidManifest.xml:37:5-92
49-->[com.onesignal:OneSignal:3.10.6] AndroidManifest.xml:37:22-89
50    <uses-permission android:name="com.anddoes.launcher.permission.UPDATE_COUNT" /> <!-- Solid -->
50-->[com.onesignal:OneSignal:3.10.6] AndroidManifest.xml:38:5-84
50-->[com.onesignal:OneSignal:3.10.6] AndroidManifest.xml:38:22-81
51    <uses-permission android:name="com.majeur.launcher.permission.UPDATE_BADGE" /> <!-- Huawei -->
51-->[com.onesignal:OneSignal:3.10.6] AndroidManifest.xml:39:5-83
51-->[com.onesignal:OneSignal:3.10.6] AndroidManifest.xml:39:22-80
52    <uses-permission android:name="com.huawei.android.launcher.permission.CHANGE_BADGE" />
52-->[com.onesignal:OneSignal:3.10.6] AndroidManifest.xml:40:5-91
52-->[com.onesignal:OneSignal:3.10.6] AndroidManifest.xml:40:22-88
53    <uses-permission android:name="com.huawei.android.launcher.permission.READ_SETTINGS" />
53-->[com.onesignal:OneSignal:3.10.6] AndroidManifest.xml:41:5-92
53-->[com.onesignal:OneSignal:3.10.6] AndroidManifest.xml:41:22-89
54    <uses-permission android:name="com.huawei.android.launcher.permission.WRITE_SETTINGS" /> <!-- ZUK -->
54-->[com.onesignal:OneSignal:3.10.6] AndroidManifest.xml:42:5-93
54-->[com.onesignal:OneSignal:3.10.6] AndroidManifest.xml:42:22-90
55    <uses-permission android:name="android.permission.READ_APP_BADGE" /> <!-- OPPO -->
55-->[com.onesignal:OneSignal:3.10.6] AndroidManifest.xml:43:5-73
55-->[com.onesignal:OneSignal:3.10.6] AndroidManifest.xml:43:22-70
56    <uses-permission android:name="com.oppo.launcher.permission.READ_SETTINGS" />
56-->[com.onesignal:OneSignal:3.10.6] AndroidManifest.xml:44:5-82
56-->[com.onesignal:OneSignal:3.10.6] AndroidManifest.xml:44:22-79
57    <uses-permission android:name="com.oppo.launcher.permission.WRITE_SETTINGS" /> <!-- EvMe -->
57-->[com.onesignal:OneSignal:3.10.6] AndroidManifest.xml:45:5-83
57-->[com.onesignal:OneSignal:3.10.6] AndroidManifest.xml:45:22-80
58    <uses-permission android:name="me.everything.badger.permission.BADGE_COUNT_READ" />
58-->[com.onesignal:OneSignal:3.10.6] AndroidManifest.xml:46:5-88
58-->[com.onesignal:OneSignal:3.10.6] AndroidManifest.xml:46:22-85
59    <uses-permission android:name="me.everything.badger.permission.BADGE_COUNT_WRITE" />
59-->[com.onesignal:OneSignal:3.10.6] AndroidManifest.xml:47:5-89
59-->[com.onesignal:OneSignal:3.10.6] AndroidManifest.xml:47:22-86
60
61    <permission
61-->[androidx.core:core:1.13.0] AndroidManifest.xml:22:5-24:47
62        android:name="com.v4android.usserapp.DYNAMIC_RECEIVER_NOT_EXPORTED_PERMISSION"
62-->[androidx.core:core:1.13.0] AndroidManifest.xml:23:9-81
63        android:protectionLevel="signature" />
63-->[androidx.core:core:1.13.0] AndroidManifest.xml:24:9-44
64
65    <uses-permission android:name="com.v4android.usserapp.DYNAMIC_RECEIVER_NOT_EXPORTED_PERMISSION" />
65-->[androidx.core:core:1.13.0] AndroidManifest.xml:26:5-97
65-->[androidx.core:core:1.13.0] AndroidManifest.xml:26:22-94
66
67    <application
67-->src\main\AndroidManifest.xml:22:5-406:19
68        android:name="com.v4android.usserapp.activities.MyApplication"
68-->src\main\AndroidManifest.xml:23:9-49
69        android:allowBackup="true"
69-->src\main\AndroidManifest.xml:24:9-35
70        android:appComponentFactory="androidx.core.app.CoreComponentFactory"
70-->src\main\AndroidManifest.xml:25:9-77
71        android:dataExtractionRules="@xml/data_extraction_rules"
71-->src\main\AndroidManifest.xml:26:9-65
72        android:debuggable="true"
73        android:extractNativeLibs="false"
74        android:fullBackupContent="@xml/backup_rules"
74-->src\main\AndroidManifest.xml:27:9-54
75        android:icon="@mipmap/ic_launcher"
75-->src\main\AndroidManifest.xml:28:9-43
76        android:label="@string/app_name"
76-->src\main\AndroidManifest.xml:29:9-41
77        android:requestLegacyExternalStorage="true"
77-->src\main\AndroidManifest.xml:30:9-52
78        android:supportsRtl="true"
78-->src\main\AndroidManifest.xml:31:9-35
79        android:theme="@style/Theme.ecomflexi"
79-->src\main\AndroidManifest.xml:32:9-47
80        android:usesCleartextTraffic="true" >
80-->src\main\AndroidManifest.xml:33:9-44
81        <activity
81-->src\main\AndroidManifest.xml:35:9-37:40
82            android:name="com.v4android.usserapp.sliderAdapter.PayAmount"
82-->src\main\AndroidManifest.xml:36:13-52
83            android:exported="false" />
83-->src\main\AndroidManifest.xml:37:13-37
84        <activity
84-->src\main\AndroidManifest.xml:38:9-40:40
85            android:name="com.v4android.usserapp.sliderAdapter.PayAct"
85-->src\main\AndroidManifest.xml:39:13-49
86            android:exported="false" />
86-->src\main\AndroidManifest.xml:40:13-37
87
88        <meta-data
88-->src\main\AndroidManifest.xml:41:9-44:54
89            android:name="com.google.firebase.messaging.default_notification_icon"
89-->src\main\AndroidManifest.xml:42:13-83
90            android:exported="true"
90-->src\main\AndroidManifest.xml:43:13-36
91            android:resource="@mipmap/ic_launcher" />
91-->src\main\AndroidManifest.xml:44:13-51
92        <meta-data
92-->src\main\AndroidManifest.xml:45:9-48:47
93            android:name="com.google.firebase.messaging.default_notification_color"
93-->src\main\AndroidManifest.xml:46:13-84
94            android:exported="true"
94-->src\main\AndroidManifest.xml:47:13-36
95            android:resource="@color/white" />
95-->src\main\AndroidManifest.xml:48:13-44
96
97        <provider
98            android:name="androidx.core.content.FileProvider"
98-->src\main\AndroidManifest.xml:51:13-62
99            android:authorities="com.v4android.usserapp.fileprovider"
99-->src\main\AndroidManifest.xml:52:13-70
100            android:exported="false"
100-->src\main\AndroidManifest.xml:53:13-37
101            android:grantUriPermissions="true" >
101-->src\main\AndroidManifest.xml:54:13-47
102            <meta-data
102-->src\main\AndroidManifest.xml:55:13-58:58
103                android:name="android.support.FILE_PROVIDER_PATHS"
103-->src\main\AndroidManifest.xml:56:17-67
104                android:exported="true"
104-->src\main\AndroidManifest.xml:57:17-40
105                android:resource="@xml/provider_paths" />
105-->src\main\AndroidManifest.xml:58:17-55
106        </provider>
107
108        <meta-data
108-->src\main\AndroidManifest.xml:61:9-64:35
109            android:name="com.google.firebase.ml.vision.DEPENDENCIES"
109-->src\main\AndroidManifest.xml:62:13-70
110            android:exported="true"
110-->src\main\AndroidManifest.xml:63:13-36
111            android:value="ocr" />
111-->src\main\AndroidManifest.xml:64:13-32
112
113        <uses-library
113-->src\main\AndroidManifest.xml:66:9-68:40
114            android:name="org.apache.http.legacy"
114-->src\main\AndroidManifest.xml:67:13-50
115            android:required="false" />
115-->src\main\AndroidManifest.xml:68:13-37
116
117        <activity
117-->src\main\AndroidManifest.xml:70:9-77:20
118            android:name="com.v4android.usserapp.Start"
118-->src\main\AndroidManifest.xml:71:13-34
119            android:exported="true" >
119-->src\main\AndroidManifest.xml:72:13-36
120            <intent-filter>
120-->src\main\AndroidManifest.xml:73:13-76:29
121                <action android:name="android.intent.action.MAIN" />
121-->src\main\AndroidManifest.xml:74:17-69
121-->src\main\AndroidManifest.xml:74:25-66
122
123                <category android:name="android.intent.category.LAUNCHER" />
123-->src\main\AndroidManifest.xml:75:17-77
123-->src\main\AndroidManifest.xml:75:27-74
124            </intent-filter>
125        </activity>
126        <activity
126-->src\main\AndroidManifest.xml:78:9-81:43
127            android:name="com.v4android.usserapp.view.MainActivityc"
127-->src\main\AndroidManifest.xml:79:13-47
128            android:exported="true"
128-->src\main\AndroidManifest.xml:80:13-36
129            android:label="New Request" />
129-->src\main\AndroidManifest.xml:81:13-40
130        <activity
130-->src\main\AndroidManifest.xml:82:9-85:42
131            android:name="com.v4android.usserapp.Myprofile"
131-->src\main\AndroidManifest.xml:83:13-38
132            android:exported="true"
132-->src\main\AndroidManifest.xml:84:13-36
133            android:label="My profile" />
133-->src\main\AndroidManifest.xml:85:13-39
134        <activity
134-->src\main\AndroidManifest.xml:86:9-89:40
135            android:name="com.v4android.usserapp.Twostep"
135-->src\main\AndroidManifest.xml:87:13-36
136            android:exported="true"
136-->src\main\AndroidManifest.xml:88:13-36
137            android:label="Two step" />
137-->src\main\AndroidManifest.xml:89:13-37
138        <activity
138-->src\main\AndroidManifest.xml:90:9-93:44
139            android:name="com.v4android.usserapp.Addpic"
139-->src\main\AndroidManifest.xml:91:13-35
140            android:exported="true"
140-->src\main\AndroidManifest.xml:92:13-36
141            android:label="Scan Id Card" />
141-->src\main\AndroidManifest.xml:93:13-41
142        <activity
142-->src\main\AndroidManifest.xml:94:9-97:42
143            android:name="com.v4android.usserapp.Cropm"
143-->src\main\AndroidManifest.xml:95:13-34
144            android:exported="true"
144-->src\main\AndroidManifest.xml:96:13-36
145            android:label="Crop Image" />
145-->src\main\AndroidManifest.xml:97:13-39
146        <activity
146-->src\main\AndroidManifest.xml:98:9-101:40
147            android:name="com.v4android.usserapp.Billpay"
147-->src\main\AndroidManifest.xml:99:13-36
148            android:exported="true"
148-->src\main\AndroidManifest.xml:100:13-36
149            android:label="Bill pay" />
149-->src\main\AndroidManifest.xml:101:13-37
150        <activity
150-->src\main\AndroidManifest.xml:102:9-105:51
151            android:name="com.v4android.usserapp.New_support"
151-->src\main\AndroidManifest.xml:103:13-40
152            android:exported="true"
152-->src\main\AndroidManifest.xml:104:13-36
153            android:label="New Support Tricket" />
153-->src\main\AndroidManifest.xml:105:13-48
154        <activity
154-->src\main\AndroidManifest.xml:106:9-109:47
155            android:name="com.v4android.usserapp.Tricket_main_read"
155-->src\main\AndroidManifest.xml:107:13-46
156            android:exported="true"
156-->src\main\AndroidManifest.xml:108:13-36
157            android:label="Support Tricket" />
157-->src\main\AndroidManifest.xml:109:13-44
158        <activity
158-->src\main\AndroidManifest.xml:110:9-113:47
159            android:name="com.v4android.usserapp.Tricket_main"
159-->src\main\AndroidManifest.xml:111:13-41
160            android:exported="true"
160-->src\main\AndroidManifest.xml:112:13-36
161            android:label="Support Tricket" />
161-->src\main\AndroidManifest.xml:113:13-44
162        <activity
162-->src\main\AndroidManifest.xml:114:9-117:46
163            android:name="com.v4android.usserapp.RegisterActivity"
163-->src\main\AndroidManifest.xml:115:13-45
164            android:exported="true"
164-->src\main\AndroidManifest.xml:116:13-36
165            android:label="Create Account" />
165-->src\main\AndroidManifest.xml:117:13-43
166        <activity
166-->src\main\AndroidManifest.xml:118:9-121:44
167            android:name="com.v4android.usserapp.Welcome"
167-->src\main\AndroidManifest.xml:119:13-36
168            android:exported="true"
168-->src\main\AndroidManifest.xml:120:13-36
169            android:label="Service list" />
169-->src\main\AndroidManifest.xml:121:13-41
170        <activity
170-->src\main\AndroidManifest.xml:122:9-125:45
171            android:name="com.v4android.usserapp.Banktransfer"
171-->src\main\AndroidManifest.xml:123:13-41
172            android:exported="true"
172-->src\main\AndroidManifest.xml:124:13-36
173            android:label="Bank Transfer" />
173-->src\main\AndroidManifest.xml:125:13-42
174        <activity
174-->src\main\AndroidManifest.xml:126:9-128:43
175            android:name="com.v4android.usserapp.PinActivity"
175-->src\main\AndroidManifest.xml:127:13-40
176            android:label="Pin Confirm" />
176-->src\main\AndroidManifest.xml:128:13-40
177        <activity
177-->src\main\AndroidManifest.xml:129:9-132:39
178            android:name="com.v4android.usserapp.Mainlist"
178-->src\main\AndroidManifest.xml:130:13-37
179            android:exported="true"
179-->src\main\AndroidManifest.xml:131:13-36
180            android:label="History" />
180-->src\main\AndroidManifest.xml:132:13-36
181        <activity
181-->src\main\AndroidManifest.xml:133:9-136:44
182            android:name="com.v4android.usserapp.News"
182-->src\main\AndroidManifest.xml:134:13-33
183            android:exported="true"
183-->src\main\AndroidManifest.xml:135:13-36
184            android:label="Notice Board" />
184-->src\main\AndroidManifest.xml:136:13-41
185        <activity
185-->src\main\AndroidManifest.xml:137:9-140:39
186            android:name="com.v4android.usserapp.web"
186-->src\main\AndroidManifest.xml:138:13-32
187            android:exported="true"
187-->src\main\AndroidManifest.xml:139:13-36
188            android:label="Welcome" />
188-->src\main\AndroidManifest.xml:140:13-36
189        <activity
189-->src\main\AndroidManifest.xml:141:9-144:38
190            android:name="com.v4android.usserapp.MainActivity"
190-->src\main\AndroidManifest.xml:142:13-41
191            android:exported="true"
191-->src\main\AndroidManifest.xml:143:13-36
192            android:label="Signin" />
192-->src\main\AndroidManifest.xml:144:13-35
193        <activity
193-->src\main\AndroidManifest.xml:145:9-148:35
194            android:name="com.v4android.usserapp.pinver"
194-->src\main\AndroidManifest.xml:146:13-35
195            android:exported="true"
195-->src\main\AndroidManifest.xml:147:13-36
196            android:label="Pin" />
196-->src\main\AndroidManifest.xml:148:13-32
197        <activity
197-->src\main\AndroidManifest.xml:149:9-152:43
198            android:name="com.v4android.usserapp.DisplayActivity"
198-->src\main\AndroidManifest.xml:150:13-44
199            android:exported="true"
199-->src\main\AndroidManifest.xml:151:13-36
200            android:label="New Request" />
200-->src\main\AndroidManifest.xml:152:13-40
201        <activity
201-->src\main\AndroidManifest.xml:153:9-156:43
202            android:name="com.v4android.usserapp.DisplayActivitya"
202-->src\main\AndroidManifest.xml:154:13-45
203            android:exported="true"
203-->src\main\AndroidManifest.xml:155:13-36
204            android:label="New Request" />
204-->src\main\AndroidManifest.xml:156:13-40
205        <activity
205-->src\main\AndroidManifest.xml:157:9-160:47
206            android:name="com.v4android.usserapp.Operator"
206-->src\main\AndroidManifest.xml:158:13-37
207            android:exported="true"
207-->src\main\AndroidManifest.xml:159:13-36
208            android:label="Select Operator" />
208-->src\main\AndroidManifest.xml:160:13-44
209        <activity
209-->src\main\AndroidManifest.xml:161:9-164:44
210            android:name="com.v4android.usserapp.Addres"
210-->src\main\AndroidManifest.xml:162:13-35
211            android:exported="true"
211-->src\main\AndroidManifest.xml:163:13-36
212            android:label="Add reseller" />
212-->src\main\AndroidManifest.xml:164:13-41
213        <activity
213-->src\main\AndroidManifest.xml:165:9-168:44
214            android:name="com.v4android.usserapp.Myreseller"
214-->src\main\AndroidManifest.xml:166:13-39
215            android:exported="true"
215-->src\main\AndroidManifest.xml:167:13-36
216            android:label="Add reseller" />
216-->src\main\AndroidManifest.xml:168:13-41
217        <activity
217-->src\main\AndroidManifest.xml:169:9-172:38
218            android:name="com.v4android.usserapp.Signin"
218-->src\main\AndroidManifest.xml:170:13-35
219            android:exported="true"
219-->src\main\AndroidManifest.xml:171:13-36
220            android:label="Signin" />
220-->src\main\AndroidManifest.xml:172:13-35
221        <activity
221-->src\main\AndroidManifest.xml:173:9-176:39
222            android:name="com.v4android.usserapp.Url"
222-->src\main\AndroidManifest.xml:174:13-32
223            android:exported="true"
223-->src\main\AndroidManifest.xml:175:13-36
224            android:label="Add url" />
224-->src\main\AndroidManifest.xml:176:13-36
225        <activity
225-->src\main\AndroidManifest.xml:177:9-180:40
226            android:name="com.v4android.usserapp.Develop"
226-->src\main\AndroidManifest.xml:178:13-36
227            android:exported="true"
227-->src\main\AndroidManifest.xml:179:13-36
228            android:label="About us" />
228-->src\main\AndroidManifest.xml:180:13-37
229        <activity
229-->src\main\AndroidManifest.xml:181:9-184:42
230            android:name="com.v4android.usserapp.service_a"
230-->src\main\AndroidManifest.xml:182:13-38
231            android:exported="true"
231-->src\main\AndroidManifest.xml:183:13-36
232            android:label="Service us" />
232-->src\main\AndroidManifest.xml:184:13-39
233        <activity
233-->src\main\AndroidManifest.xml:185:9-188:36
234            android:name="com.v4android.usserapp.Editres"
234-->src\main\AndroidManifest.xml:186:13-36
235            android:exported="true"
235-->src\main\AndroidManifest.xml:187:13-36
236            android:label="Edit" />
236-->src\main\AndroidManifest.xml:188:13-33
237        <activity
237-->src\main\AndroidManifest.xml:189:9-192:39
238            android:name="com.v4android.usserapp.Payment"
238-->src\main\AndroidManifest.xml:190:13-36
239            android:exported="true"
239-->src\main\AndroidManifest.xml:191:13-36
240            android:label="Payment" />
240-->src\main\AndroidManifest.xml:192:13-36
241        <activity
241-->src\main\AndroidManifest.xml:193:9-196:40
242            android:name="com.v4android.usserapp.Transfer"
242-->src\main\AndroidManifest.xml:194:13-37
243            android:exported="true"
243-->src\main\AndroidManifest.xml:195:13-36
244            android:label="Transfer" />
244-->src\main\AndroidManifest.xml:196:13-37
245        <activity
245-->src\main\AndroidManifest.xml:197:9-200:40
246            android:name="com.v4android.usserapp.Smssend"
246-->src\main\AndroidManifest.xml:198:13-36
247            android:exported="true"
247-->src\main\AndroidManifest.xml:199:13-36
248            android:label="Send Sms" />
248-->src\main\AndroidManifest.xml:200:13-37
249        <activity
249-->src\main\AndroidManifest.xml:201:9-204:39
250            android:name="com.v4android.usserapp.history_op"
250-->src\main\AndroidManifest.xml:202:13-39
251            android:exported="true"
251-->src\main\AndroidManifest.xml:203:13-36
252            android:label="History" />
252-->src\main\AndroidManifest.xml:204:13-36
253        <activity
253-->src\main\AndroidManifest.xml:205:9-208:47
254            android:name="com.v4android.usserapp.Password"
254-->src\main\AndroidManifest.xml:206:13-37
255            android:exported="true"
255-->src\main\AndroidManifest.xml:207:13-36
256            android:label="Password Change" />
256-->src\main\AndroidManifest.xml:208:13-44
257        <activity
257-->src\main\AndroidManifest.xml:209:9-212:42
258            android:name="com.v4android.usserapp.Pinc"
258-->src\main\AndroidManifest.xml:210:13-33
259            android:exported="true"
259-->src\main\AndroidManifest.xml:211:13-36
260            android:label="Pin change" />
260-->src\main\AndroidManifest.xml:212:13-39
261        <activity
261-->src\main\AndroidManifest.xml:213:9-216:41
262            android:name="com.v4android.usserapp.mydevice"
262-->src\main\AndroidManifest.xml:214:13-37
263            android:exported="true"
263-->src\main\AndroidManifest.xml:215:13-36
264            android:label="My Device" />
264-->src\main\AndroidManifest.xml:216:13-38
265        <activity
265-->src\main\AndroidManifest.xml:217:9-220:44
266            android:name="com.v4android.usserapp.makepay"
266-->src\main\AndroidManifest.xml:218:13-36
267            android:exported="true"
267-->src\main\AndroidManifest.xml:219:13-36
268            android:label="Make payment" />
268-->src\main\AndroidManifest.xml:220:13-41
269        <activity
269-->src\main\AndroidManifest.xml:221:9-224:47
270            android:name="com.v4android.usserapp.Internet"
270-->src\main\AndroidManifest.xml:222:13-37
271            android:exported="true"
271-->src\main\AndroidManifest.xml:223:13-36
272            android:label="Internet Pakage" />
272-->src\main\AndroidManifest.xml:224:13-44
273        <activity
273-->src\main\AndroidManifest.xml:225:9-228:47
274            android:name="com.v4android.usserapp.InternetActivity"
274-->src\main\AndroidManifest.xml:226:13-45
275            android:exported="true"
275-->src\main\AndroidManifest.xml:227:13-36
276            android:label="Internet Pakage" />
276-->src\main\AndroidManifest.xml:228:13-44
277        <activity
277-->src\main\AndroidManifest.xml:229:9-232:44
278            android:name="com.v4android.usserapp.Payment_type"
278-->src\main\AndroidManifest.xml:230:13-41
279            android:exported="true"
279-->src\main\AndroidManifest.xml:231:13-36
280            android:label="Payment type" />
280-->src\main\AndroidManifest.xml:232:13-41
281        <activity
281-->src\main\AndroidManifest.xml:233:9-236:43
282            android:name="com.v4android.usserapp.Dlock"
282-->src\main\AndroidManifest.xml:234:13-34
283            android:exported="true"
283-->src\main\AndroidManifest.xml:235:13-36
284            android:label="Device Lock" />
284-->src\main\AndroidManifest.xml:236:13-40
285
286        <receiver
286-->src\main\AndroidManifest.xml:238:9-247:20
287            android:name="com.v4android.usserapp.FirebaseBroadcastReceiver"
287-->src\main\AndroidManifest.xml:239:13-54
288            android:exported="true"
288-->src\main\AndroidManifest.xml:240:13-36
289            android:permission="com.google.android.c2dm.permission.SEND" >
289-->src\main\AndroidManifest.xml:241:13-73
290            <intent-filter>
290-->src\main\AndroidManifest.xml:242:13-246:29
291                <action android:name="com.google.android.c2dm.intent.RECEIVE" />
291-->src\main\AndroidManifest.xml:243:17-81
291-->src\main\AndroidManifest.xml:243:25-78
292
293                <category android:name="com.ecomflexi.softwarelabbd" />
293-->src\main\AndroidManifest.xml:245:17-72
293-->src\main\AndroidManifest.xml:245:27-69
294            </intent-filter>
295        </receiver>
296
297        <provider
297-->src\main\AndroidManifest.xml:249:9-253:40
298            android:name="com.squareup.picasso.PicassoProvider"
298-->src\main\AndroidManifest.xml:251:13-64
299            android:authorities="com.v4android.usserapp.com.squareup.picasso"
299-->src\main\AndroidManifest.xml:252:13-78
300            android:exported="false" />
300-->src\main\AndroidManifest.xml:253:13-37
301
302        <service
302-->src\main\AndroidManifest.xml:255:9-273:19
303            android:name="com.google.firebase.components.ComponentDiscoveryService"
303-->src\main\AndroidManifest.xml:256:13-84
304            android:directBootAware="true"
304-->[com.google.firebase:firebase-common:20.2.0] AndroidManifest.xml:34:13-43
305            android:exported="false" >
305-->src\main\AndroidManifest.xml:257:13-37
306            <meta-data
306-->src\main\AndroidManifest.xml:258:13-260:85
307                android:name="com.google.firebase.components:com.google.firebase.ml.vision.VisionRegistrar"
307-->src\main\AndroidManifest.xml:259:17-108
308                android:value="com.google.firebase.components.ComponentRegistrar" />
308-->src\main\AndroidManifest.xml:260:17-82
309            <meta-data
309-->src\main\AndroidManifest.xml:261:13-263:85
310                android:name="com.google.firebase.components:com.google.firebase.auth.FirebaseAuthRegistrar"
310-->src\main\AndroidManifest.xml:262:17-109
311                android:value="com.google.firebase.components.ComponentRegistrar" />
311-->src\main\AndroidManifest.xml:263:17-82
312            <meta-data
312-->src\main\AndroidManifest.xml:264:13-266:85
313                android:name="com.google.firebase.components:com.google.firebase.ml.common.CommonComponentRegistrar"
313-->src\main\AndroidManifest.xml:265:17-117
314                android:value="com.google.firebase.components.ComponentRegistrar" />
314-->src\main\AndroidManifest.xml:266:17-82
315            <meta-data